<?xml version="1.0" encoding="UTF-8"?>
<testng-results skipped="0" failed="0" ignored="0" total="1" passed="1">
  <reporter-output>
  </reporter-output>
  <suite name="Default suite" duration-ms="43629" started-at="2020-02-10T17:06:24Z" finished-at="2020-02-10T17:07:08Z">
    <groups>
      <group name="cucumber">
        <method signature="AbstractTestNGCucumberTests.runScenario(io.cucumber.testng.PickleEventWrapper, io.cucumber.testng.CucumberFeatureWrapper)[pri:0, instance:testRunners.LoginRunner@6adede5]" name="runScenario" class="io.cucumber.testng.AbstractTestNGCucumberTests"/>
      </group> <!-- cucumber -->
    </groups>
    <test name="Default test" duration-ms="43629" started-at="2020-02-10T17:06:24Z" finished-at="2020-02-10T17:07:08Z">
      <class name="testRunners.LoginRunner">
        <test-method status="PASS" signature="setUpClass()[pri:0, instance:testRunners.LoginRunner@6adede5]" name="setUpClass" is-config="true" duration-ms="206" started-at="2020-02-10T17:06:24Z" finished-at="2020-02-10T17:06:25Z">
          <reporter-output>
          </reporter-output>
        </test-method> <!-- setUpClass -->
        <test-method status="PASS" signature="runScenario(io.cucumber.testng.PickleEventWrapper, io.cucumber.testng.CucumberFeatureWrapper)[pri:0, instance:testRunners.LoginRunner@6adede5]" name="runScenario" duration-ms="43331" started-at="2020-02-10T17:06:25Z" description="Runs Cucumber Scenarios" data-provider="scenarios" finished-at="2020-02-10T17:07:08Z">
          <params>
            <param index="0">
              <value>
                <![CDATA["The user should be able to login and buy a product"]]>
              </value>
            </param>
            <param index="1">
              <value>
                <![CDATA["Buy a New Product"]]>
              </value>
            </param>
          </params>
          <reporter-output>
          </reporter-output>
        </test-method> <!-- runScenario -->
        <test-method status="PASS" signature="tearDownClass()[pri:0, instance:testRunners.LoginRunner@6adede5]" name="tearDownClass" is-config="true" duration-ms="4" started-at="2020-02-10T17:07:08Z" finished-at="2020-02-10T17:07:08Z">
          <reporter-output>
          </reporter-output>
        </test-method> <!-- tearDownClass -->
      </class> <!-- testRunners.LoginRunner -->
    </test> <!-- Default test -->
  </suite> <!-- Default suite -->
</testng-results>
